sample/build/intermediates/manifest_merge_blame_file/debug/manifest-merger-blame-debug-report.txt
1<?xml version="1.0" encoding="utf-8"?>
2<manifest xmlns:android="http://schemas.android.com/apk/res/android"
3    package="com.github.danielschultew.sample"
4    android:versionCode="3"
5    android:versionName="3.0.0" >
6
7    <uses-sdk
8        android:minSdkVersion="14"
8-->src/main/AndroidManifest.xml
9        android:targetSdkVersion="28" />
9-->src/main/AndroidManifest.xml
10
11    <uses-permission android:name="android.permission.READ_EXTERNAL_STORAGE" />
11-->src/main/AndroidManifest.xml:4:5-80
11-->src/main/AndroidManifest.xml:4:22-77
12
13    <application
13-->src/main/AndroidManifest.xml:6:5-18:19
14        android:appComponentFactory="androidx.core.app.CoreComponentFactory"
14-->[androidx.core:core:1.1.0] AndroidManifest.xml:24:18-86
15        android:debuggable="true"
16        android:icon="@drawable/ic_launcher"
16-->src/main/AndroidManifest.xml:7:9-45
17        android:label="@string/app_name"
17-->src/main/AndroidManifest.xml:8:9-41
18        android:theme="@style/Theme.AppCompat.Light" >
18-->src/main/AndroidManifest.xml:9:9-53
19        <activity
19-->src/main/AndroidManifest.xml:10:9-17:20
20            android:name="com.github.danielschultew.sample.PDFViewActivity_"
20-->src/main/AndroidManifest.xml:11:13-77
21            android:label="@string/app_name" >
21-->src/main/AndroidManifest.xml:12:13-45
22            <intent-filter>
22-->src/main/AndroidManifest.xml:13:13-16:29
23                <action android:name="android.intent.action.MAIN" />
23-->src/main/AndroidManifest.xml:14:17-69
23-->src/main/AndroidManifest.xml:14:25-66
24
25                <category android:name="android.intent.category.LAUNCHER" />
25-->src/main/AndroidManifest.xml:15:17-77
25-->src/main/AndroidManifest.xml:15:27-74
26            </intent-filter>
27        </activity>
28    </application>
29
30</manifest>